# JRE version: OpenJDK Runtime Environment OpenLogic-OpenJDK (17.0.9+9) (build 17.0.9+9-adhoc..jdk17u)
# Java VM: OpenJDK 64-Bit Server VM OpenLogic-OpenJDK (17.0.9+9-adhoc..jdk17u, mixed mode, sharing, tiered, compressed oops, compressed class ptrs, g1 gc, windows-amd64)
GC Precious Log:
 CPUs: 12 total, 12 available
 Memory: 7521M
 Large Page Support: Disabled
 NUMA Support: Disabled
 Compressed Oops: Enabled (Zero based)
 Heap Region Size: 2M
 Heap Min Capacity: 8M
 Heap Initial Capacity: 118M
 Heap Max Capacity: 4G
 Pre-touch: Disabled
 Parallel Workers: 10
 Concurrent Workers: 3
 Concurrent Refinement Workers: 10
 Periodic GC: Disabled
Heap:
 garbage-first heap   total 423936K, used 236014K [0x0000000700000000, 0x0000000800000000)
  region size 2048K, 2 young (4096K), 2 survivors (4096K)
 Metaspace       used 111901K, committed 113536K, reserved 557056K
  class space    used 15669K, committed 16448K, reserved 425984K
GC Heap History (20 events):
Event: 163.285 GC heap after
{Heap after GC invocations=55 (full 0):
 garbage-first heap   total 329728K, used 133077K [0x0000000700000000, 0x0000000800000000)
  region size 2048K, 1 young (2048K), 1 survivors (2048K)
 Metaspace       used 99137K, committed 100160K, reserved 557056K
  class space    used 13903K, committed 14400K, reserved 425984K
}
Event: 167.854 GC heap before
{Heap before GC invocations=55 (full 0):
 garbage-first heap   total 329728K, used 258005K [0x0000000700000000, 0x0000000800000000)
  region size 2048K, 62 young (126976K), 1 survivors (2048K)
 Metaspace       used 102963K, committed 104128K, reserved 557056K
  class space    used 14417K, committed 14976K, reserved 425984K
}
Event: 167.868 GC heap after
{Heap after GC invocations=56 (full 0):
 garbage-first heap   total 329728K, used 158147K [0x0000000700000000, 0x0000000800000000)
  region size 2048K, 8 young (16384K), 8 survivors (16384K)
 Metaspace       used 102963K, committed 104128K, reserved 557056K
  class space    used 14417K, committed 14976K, reserved 425984K
}
Event: 171.043 GC heap before
{Heap before GC invocations=56 (full 0):
 garbage-first heap   total 329728K, used 248259K [0x0000000700000000, 0x0000000800000000)
  region size 2048K, 52 young (106496K), 8 survivors (16384K)
 Metaspace       used 104339K, committed 105792K, reserved 557056K
  class space    used 14603K, committed 15296K, reserved 425984K
}
Event: 171.069 GC heap after
{Heap after GC invocations=57 (full 0):
 garbage-first heap   total 329728K, used 179497K [0x0000000700000000, 0x0000000800000000)
  region size 2048K, 7 young (14336K), 7 survivors (14336K)
 Metaspace       used 104339K, committed 105792K, reserved 557056K
  class space    used 14603K, committed 15296K, reserved 425984K
}
Event: 174.736 GC heap before
{Heap before GC invocations=57 (full 0):
 garbage-first heap   total 329728K, used 251177K [0x0000000700000000, 0x0000000800000000)
  region size 2048K, 43 young (88064K), 7 survivors (14336K)
 Metaspace       used 104839K, committed 106368K, reserved 557056K
  class space    used 14661K, committed 15360K, reserved 425984K
}
Event: 174.758 GC heap after
{Heap after GC invocations=58 (full 0):
 garbage-first heap   total 329728K, used 196651K [0x0000000700000000, 0x0000000800000000)
  region size 2048K, 6 young (12288K), 6 survivors (12288K)
 Metaspace       used 104839K, committed 106368K, reserved 557056K
  class space    used 14661K, committed 15360K, reserved 425984K
}
Event: 177.203 GC heap before
{Heap before GC invocations=59 (full 0):
 garbage-first heap   total 342016K, used 256043K [0x0000000700000000, 0x0000000800000000)
  region size 2048K, 35 young (71680K), 6 survivors (12288K)
 Metaspace       used 105118K, committed 106688K, reserved 557056K
  class space    used 14699K, committed 15424K, reserved 425984K
}
Event: 177.216 GC heap after
{Heap after GC invocations=60 (full 0):
 garbage-first heap   total 342016K, used 211202K [0x0000000700000000, 0x0000000800000000)
  region size 2048K, 5 young (10240K), 5 survivors (10240K)
 Metaspace       used 105118K, committed 106688K, reserved 557056K
  class space    used 14699K, committed 15424K, reserved 425984K
}
Event: 177.416 GC heap before
{Heap before GC invocations=60 (full 0):
 garbage-first heap   total 342016K, used 217346K [0x0000000700000000, 0x0000000800000000)
  region size 2048K, 8 young (16384K), 5 survivors (10240K)
 Metaspace       used 105168K, committed 106688K, reserved 557056K
  class space    used 14707K, committed 15424K, reserved 425984K
}
Event: 177.423 GC heap after
{Heap after GC invocations=61 (full 0):
 garbage-first heap   total 342016K, used 213496K [0x0000000700000000, 0x0000000800000000)
  region size 2048K, 1 young (2048K), 1 survivors (2048K)
 Metaspace       used 105168K, committed 106688K, reserved 557056K
  class space    used 14707K, committed 15424K, reserved 425984K
}
Event: 180.015 GC heap before
{Heap before GC invocations=61 (full 0):
 garbage-first heap   total 342016K, used 268792K [0x0000000700000000, 0x0000000800000000)
  region size 2048K, 28 young (57344K), 1 survivors (2048K)
 Metaspace       used 107147K, committed 108800K, reserved 557056K
  class space    used 14976K, committed 15744K, reserved 425984K
}
Event: 180.023 GC heap after
{Heap after GC invocations=62 (full 0):
 garbage-first heap   total 342016K, used 223267K [0x0000000700000000, 0x0000000800000000)
  region size 2048K, 4 young (8192K), 4 survivors (8192K)
 Metaspace       used 107147K, committed 108800K, reserved 557056K
  class space    used 14976K, committed 15744K, reserved 425984K
}
Event: 180.776 GC heap before
{Heap before GC invocations=62 (full 0):
 garbage-first heap   total 342016K, used 274467K [0x0000000700000000, 0x0000000800000000)
  region size 2048K, 29 young (59392K), 4 survivors (8192K)
 Metaspace       used 109716K, committed 111296K, reserved 557056K
  class space    used 15372K, committed 16128K, reserved 425984K
}
Event: 180.787 GC heap after
{Heap after GC invocations=63 (full 0):
 garbage-first heap   total 342016K, used 225548K [0x0000000700000000, 0x0000000800000000)
  region size 2048K, 2 young (4096K), 2 survivors (4096K)
 Metaspace       used 109716K, committed 111296K, reserved 557056K
  class space    used 15372K, committed 16128K, reserved 425984K
}
Event: 181.470 GC heap before
{Heap before GC invocations=63 (full 0):
 garbage-first heap   total 342016K, used 276748K [0x0000000700000000, 0x0000000800000000)
  region size 2048K, 27 young (55296K), 2 survivors (4096K)
 Metaspace       used 111664K, committed 113280K, reserved 557056K
  class space    used 15645K, committed 16384K, reserved 425984K
}
Event: 181.485 GC heap after
{Heap after GC invocations=64 (full 0):
 garbage-first heap   total 342016K, used 230744K [0x0000000700000000, 0x0000000800000000)
  region size 2048K, 4 young (8192K), 4 survivors (8192K)
 Metaspace       used 111664K, committed 113280K, reserved 557056K
  class space    used 15645K, committed 16384K, reserved 425984K
}
Event: 182.104 GC heap before
{Heap before GC invocations=65 (full 0):
 garbage-first heap   total 423936K, used 275800K [0x0000000700000000, 0x0000000800000000)
  region size 2048K, 26 young (53248K), 4 survivors (8192K)
 Metaspace       used 111899K, committed 113536K, reserved 557056K
  class space    used 15669K, committed 16448K, reserved 425984K
}
Event: 182.128 GC heap after
{Heap after GC invocations=66 (full 0):
 garbage-first heap   total 423936K, used 238762K [0x0000000700000000, 0x0000000800000000)
  region size 2048K, 4 young (8192K), 4 survivors (8192K)
 Metaspace       used 111899K, committed 113536K, reserved 557056K
  class space    used 15669K, committed 16448K, reserved 425984K
}
Event: 182.215 GC heap before
{Heap before GC invocations=66 (full 0):
 garbage-first heap   total 423936K, used 251050K [0x0000000700000000, 0x0000000800000000)
  region size 2048K, 10 young (20480K), 4 survivors (8192K)
 Metaspace       used 111901K, committed 113536K, reserved 557056K
  class space    used 15669K, committed 16448K, reserved 425984K
}

